<?xml version="1.0" encoding="UTF-8"?>
<testsuite xmlns:xsi="http://www.w3.org/2001/XMLSchema-instance" xsi:noNamespaceSchemaLocation="https://maven.apache.org/surefire/maven-surefire-plugin/xsd/surefire-test-report.xsd" name="test.java.ConcursoTest" time="0.135" tests="5" errors="0" skipped="0" failures="0">
  <properties>
[...]
</properties>
  <testcase name="inscriboUnMismoParticipanteDosVecesSoloQuedaUnaVez" classname="test.java.ConcursoTest" time="0.093"/>
  <testcase name="inscriboDosPersonasAmbasEstanInscriptas" classname="test.java.ConcursoTest" time="0.001"/>
  <testcase name="concursoNuevoNoTieneInscriptos" classname="test.java.ConcursoTest" time="0.001"/>
  <testcase name="inscriboUnParticipante" classname="test.java.ConcursoTest" time="0.001"/>
  <testcase name="participanteJoseNoDebeEstarInscripto" classname="test.java.ConcursoTest" time="0.003"/>
</testsuite>