<?xml version="1.0" encoding="UTF-8"?>
<testsuite xmlns:xsi="http://www.w3.org/2001/XMLSchema-instance" xsi:noNamespaceSchemaLocation="https://maven.apache.org/surefire/maven-surefire-plugin/xsd/surefire-test-report.xsd" name="ConcursoTest" time="0.091" tests="5" errors="0" skipped="0" failures="0">
  <properties>
[...]
</properties>
  <testcase name="inscriboDosPersonasAmbasEstanInscriptas" classname="ConcursoTest" time="0.069"/>
  <testcase name="concursoNuevoNoTieneInscriptos" classname="ConcursoTest" time="0.001"/>
  <testcase name="inscriboUnMismoParcipanteDosVecesSoloQuedaUnaVez" classname="ConcursoTest" time="0.002"/>
  <testcase name="inscriboUnParticipante" classname="ConcursoTest" time="0.001"/>
  <testcase name="participanteJoseNoDebeEstarInscripto" classname="ConcursoTest" time="0.002"/>
</testsuite>